<?xml version="1.0" encoding="UTF-8"?>
<!-- Generated by org.testng.reporters.JUnitReportReporter -->
<testsuite hostname="LAPTOP-4H9OMSJB" failures="0" tests="5" name="orangehrm_Testcases.OrangeHrm_testcases" time="1412.154" errors="0" timestamp="2023-01-10T07:00:41 IST" skipped="0">
  <testcase classname="orangehrm_Testcases.OrangeHrm_testcases" name="salary" time="43.265"/>
  <system-out/>
  <testcase classname="orangehrm_Testcases.OrangeHrm_testcases" name="jobactivate" time="44.461"/>
  <system-out/>
  <testcase classname="orangehrm_Testcases.OrangeHrm_testcases" name="addemp" time="26.167"/>
  <system-out/>
  <testcase classname="orangehrm_Testcases.OrangeHrm_testcases" name="jobterm" time="1234.616"/>
  <system-out/>
  <testcase classname="orangehrm_Testcases.OrangeHrm_testcases" name="job" time="63.645"/>
  <system-out/>
</testsuite> <!-- orangehrm_Testcases.OrangeHrm_testcases -->
